#
# There is insufficient memory for the Java Runtime Environment to continue.
# Native memory allocation (malloc) failed to allocate 1048576 bytes for AllocateHeap
# Possible reasons:
#   The system is out of physical RAM or swap space
#   In 32 bit mode, the process size limit was hit
# Possible solutions:
#   Reduce memory load on the system
#   Increase physical memory or swap space
#   Check if swap backing store is full
#   Use 64 bit Java on a 64 bit OS
#   Decrease Java heap size (-Xmx/-Xms)
#   Decrease number of Java threads
#   Decrease Java thread stack sizes (-Xss)
#   Set larger code cache with -XX:ReservedCodeCacheSize=
# This output file may be truncated or incomplete.
#
#  Out of Memory Error (memory/allocation.inline.hpp:61), pid=3940, tid=0x00000000000015c4
#
# JRE version:  (8.0_144-b01) (build )
# Java VM: Java HotSpot(TM) 64-Bit Server VM (25.144-b01 mixed mode windows-amd64 compressed oops)
# Failed to write core dump. Minidumps are not enabled by default on client versions of Windows
#

---------------  T H R E A D  ---------------

Current thread (0x0000000000cae000):  JavaThread "Unknown thread" [_thread_in_vm, id=5572, stack(0x0000000002430000,0x0000000002530000)]

Stack: [0x0000000002430000,0x0000000002530000]
[error occurred during error reporting (printing stack bounds), id 0xc0000005]

Native frames: (J=compiled Java code, j=interpreted, Vv=VM code, C=native code)


---------------  P R O C E S S  ---------------

Java Threads: ( => current thread )

Other Threads:

=>0x0000000000cae000 (exited) JavaThread "Unknown thread" [_thread_in_vm, id=5572, stack(0x0000000002430000,0x0000000002530000)]

VM state:not at safepoint (normal execution)

VM Mutex/Monitor currently owned by a thread: None

Heap:
 PSYoungGen      total 34304K, used 593K [0x00000000da380000, 0x00000000dc980000, 0x0000000100000000)
  eden space 29696K, 2% used [0x00000000da380000,0x00000000da4147b8,0x00000000dc080000)
  from space 4608K, 0% used [0x00000000dc500000,0x00000000dc500000,0x00000000dc980000)
  to   space 4608K, 0% used [0x00000000dc080000,0x00000000dc080000,0x00000000dc500000)
 ParOldGen       total 77824K, used 0K [0x000000008ea00000, 0x0000000093600000, 0x00000000da380000)
  object space 77824K, 0% used [0x000000008ea00000,0x000000008ea00000,0x0000000093600000)
 Metaspace       used 746K, capacity 4480K, committed 4480K, reserved 1056768K
  class space    used 75K, capacity 384K, committed 384K, reserved 1048576K

Card table byte_map: [0x0000000011aa0000,0x0000000011e30000] byte_map_base: 0x000000001162b000

Marking Bits: (ParMarkBitMap*) 0x000000005d5cd850
 Begin Bits: [0x0000000012490000, 0x00000000140e8000)
 End Bits:   [0x00000000140e8000, 0x0000000015d40000)

Polling page: 0x0000000000c40000

CodeCache: size=245760Kb used=328Kb max_used=328Kb free=245431Kb
 bounds [0x00000000026e0000, 0x0000000002950000, 0x00000000116e0000]
 total_blobs=58 nmethods=0 adapters=38
 compilation: enabled

Compilation events (0 events):
No events

GC Heap History (0 events):
No events

Deoptimization events (0 events):
No events

Internal exceptions (0 events):
No events

Events (10 events):
Event: 0.018 loading class java/lang/Short
Event: 0.018 loading class java/lang/Short done
Event: 0.018 loading class java/lang/Integer
Event: 0.018 loading class java/lang/Integer done
Event: 0.018 loading class java/lang/Long
Event: 0.019 loading class java/lang/Long done
Event: 0.019 loading class java/lang/NullPointerException
Event: 0.019 loading class java/lang/NullPointerException done
Event: 0.019 loading class java/lang/ArithmeticException
Event: 0.019 loading class java/lang/ArithmeticException done


Dynamic libraries:
0x00007ff732a40000 - 0x00007ff732a77000 	C:\Program Files\Java\jre1.8.0_144\bin\javaw.exe
0x00007ffdce210000 - 0x00007ffdce3bd000 	C:\Windows\SYSTEM32\ntdll.dll
0x00007ffdcd620000 - 0x00007ffdcd75e000 	C:\Windows\system32\KERNEL32.DLL
0x00007ffdcb410000 - 0x00007ffdcb525000 	C:\Windows\system32\KERNELBASE.dll
0x00007ffdc9f00000 - 0x00007ffdc9f8e000 	C:\Windows\system32\apphelp.dll
0x00007ffdb7d20000 - 0x00007ffdb7d73000 	C:\Windows\AppPatch\AppPatch64\AcGenral.DLL
0x00007ffdcd360000 - 0x00007ffdcd40a000 	C:\Windows\system32\msvcrt.dll
0x00007ffdcb530000 - 0x00007ffdcb55e000 	C:\Windows\system32\SspiCli.dll
0x00007ffdce1b0000 - 0x00007ffdce204000 	C:\Windows\system32\SHLWAPI.dll
0x00007ffdcd080000 - 0x00007ffdcd1f7000 	C:\Windows\system32\USER32.dll
0x00007ffdcd780000 - 0x00007ffdcd914000 	C:\Windows\system32\ole32.dll
0x00007ffdcb900000 - 0x00007ffdcce29000 	C:\Windows\system32\SHELL32.dll
0x00007ffdca900000 - 0x00007ffdca921000 	C:\Windows\SYSTEM32\USERENV.dll
0x00007ffdce0e0000 - 0x00007ffdce18a000 	C:\Windows\system32\ADVAPI32.dll
0x00007ffdc3720000 - 0x00007ffdc373e000 	C:\Windows\SYSTEM32\MPR.dll
0x00007ffdccf00000 - 0x00007ffdcd040000 	C:\Windows\system32\RPCRT4.dll
0x00007ffdcd5c0000 - 0x00007ffdcd619000 	C:\Windows\SYSTEM32\sechost.dll
0x00007ffdcdeb0000 - 0x00007ffdce0c2000 	C:\Windows\SYSTEM32\combase.dll
0x00007ffdcdd60000 - 0x00007ffdcdeab000 	C:\Windows\system32\GDI32.dll
0x00007ffdcb340000 - 0x00007ffdcb355000 	C:\Windows\SYSTEM32\profapi.dll
0x00007ffdc98d0000 - 0x00007ffdc9982000 	C:\Windows\SYSTEM32\SHCORE.dll
0x00007ffdcd040000 - 0x00007ffdcd076000 	C:\Windows\system32\IMM32.DLL
0x00007ffdcd200000 - 0x00007ffdcd351000 	C:\Windows\system32\MSCTF.dll
0x00007ffdc8e10000 - 0x00007ffdc908b000 	C:\Windows\WinSxS\amd64_microsoft.windows.common-controls_6595b64144ccf1df_6.0.9600.18006_none_623f33d3ecbe86e8\COMCTL32.dll
0x000000005c9b0000 - 0x000000005ca82000 	C:\Program Files\Java\jre1.8.0_144\bin\msvcr100.dll
0x000000005cdb0000 - 0x000000005d64d000 	C:\Program Files\Java\jre1.8.0_144\bin\server\jvm.dll
0x00007ffdc3c70000 - 0x00007ffdc3c79000 	C:\Windows\SYSTEM32\WSOCK32.dll
0x00007ffdc8cf0000 - 0x00007ffdc8d12000 	C:\Windows\SYSTEM32\WINMM.dll
0x00007ffdc9360000 - 0x00007ffdc936a000 	C:\Windows\SYSTEM32\VERSION.dll
0x00007ffdccef0000 - 0x00007ffdccef7000 	C:\Windows\system32\PSAPI.DLL
0x00007ffdcb8a0000 - 0x00007ffdcb8fa000 	C:\Windows\system32\WS2_32.dll
0x00007ffdc8c40000 - 0x00007ffdc8c6a000 	C:\Windows\SYSTEM32\WINMMBASE.dll
0x00007ffdcd770000 - 0x00007ffdcd779000 	C:\Windows\system32\NSI.dll
0x00007ffdcb740000 - 0x00007ffdcb78f000 	C:\Windows\SYSTEM32\cfgmgr32.dll
0x00007ffdca150000 - 0x00007ffdca178000 	C:\Windows\SYSTEM32\DEVOBJ.dll
0x000000005e020000 - 0x000000005e02f000 	C:\Program Files\Java\jre1.8.0_144\bin\verify.dll
0x000000005cd80000 - 0x000000005cda9000 	C:\Program Files\Java\jre1.8.0_144\bin\java.dll
0x000000005cd60000 - 0x000000005cd76000 	C:\Program Files\Java\jre1.8.0_144\bin\zip.dll

VM Arguments:
jvm_args: -Dfile.encoding=Cp1251 
java_command: pars.form
java_class_path (initial): C:\Program Files\Java\jre1.8.0_144\lib\resources.jar;C:\Program Files\Java\jre1.8.0_144\lib\rt.jar;C:\Program Files\Java\jre1.8.0_144\lib\jsse.jar;C:\Program Files\Java\jre1.8.0_144\lib\jce.jar;C:\Program Files\Java\jre1.8.0_144\lib\charsets.jar;C:\Program Files\Java\jre1.8.0_144\lib\jfr.jar;C:\Program Files\Java\jre1.8.0_144\lib\ext\access-bridge-64.jar;C:\Program Files\Java\jre1.8.0_144\lib\ext\cldrdata.jar;C:\Program Files\Java\jre1.8.0_144\lib\ext\dnsns.jar;C:\Program Files\Java\jre1.8.0_144\lib\ext\dns_sd.jar;C:\Program Files\Java\jre1.8.0_144\lib\ext\jaccess.jar;C:\Program Files\Java\jre1.8.0_144\lib\ext\jfxrt.jar;C:\Program Files\Java\jre1.8.0_144\lib\ext\localedata.jar;C:\Program Files\Java\jre1.8.0_144\lib\ext\nashorn.jar;C:\Program Files\Java\jre1.8.0_144\lib\ext\sunec.jar;C:\Program Files\Java\jre1.8.0_144\lib\ext\sunjce_provider.jar;C:\Program Files\Java\jre1.8.0_144\lib\ext\sunmscapi.jar;C:\Program Files\Java\jre1.8.0_144\lib\ext\sunpkcs11.jar;C:\Program Files\Java\jre1.8.0_144\lib\ext\zipfs.jar;E:\PARSER_ARIFMETIC1\bin
Launcher Type: SUN_STANDARD

Environment Variables:
JAVA_HOME=C:\Program Files\Java\jdk-10.0.2
PATH=C:/Program Files/Java/jre1.8.0_144/bin/server;C:/Program Files/Java/jre1.8.0_144/bin;C:/Program Files/Java/jre1.8.0_144/lib/amd64;C:\Program Files (x86)\Common Files\Oracle\Java\javapath;E:\RAD\bin;E:\RAD\bin64;C:\Program Files (x86)\Embarcadero\Studio\19.0\bin;C:\Users\Public\Documents\Embarcadero\Studio\19.0\Bpl;C:\Program Files (x86)\Embarcadero\Studio\19.0\bin64;C:\Users\Public\Documents\Embarcadero\Studio\19.0\Bpl\Win64;C:\Program Files (x86)\Common Files\Intel\Shared Libraries\redist\intel64\compiler;C:\ProgramData\Oracle\Java\javapath;C:\Program Files (x86)\Intel\iCLS Client\;C:\Program Files\Intel\iCLS Client\;C:\Windows\system32;C:\Windows;C:\Windows\System32\Wbem;C:\Windows\System32\WindowsPowerShell\v1.0\;C:\Program Files (x86)\Intel\Intel(R) Management Engine Components\DAL;C:\Program Files\Intel\Intel(R) Management Engine Components\DAL;C:\Program Files (x86)\Intel\Intel(R) Management Engine Components\IPT;C:\Program Files\Intel\Intel(R) Management Engine Components\IPT;C:\Users\Aleks\.dnx\bin;C:\Program Files\Microsoft DNX\Dnvm\;C:\Program Files\Microsoft SQL Server\130\Tools\Binn\;E:\FPC\bin\i386-Win32;C:\Program Files\Common Files\Autodesk Shared\;E:\Delphi7\Delphi7\Bin;E:\Delphi7\Delphi7\Projects\Bpl;C:\Program Files (x86)\NVIDIA Corporation\PhysX\Common;C:\Program Files (x86)\GtkSharp\2.12\bin;C:\Program Files\Microsoft SQL Server\110\Tools\Binn\;e:\quartus2\quartus\bin;C:\Windows\system32\config\systemprofile\.dnx\bin;C:\Program Files\Microsoft DNX\Dnvm\;C:\Program Files (x86)\Windows Kits\8.1\Windows Performance Toolkit\;C:\Users\Aleks\AppData\Local\Programs\Python\Python37-32\Scripts\;C:\Users\Aleks\AppData\Local\Programs\Python\Python37-32\;E:\Quartus_2\modelsim_ase\win32aloem;E:\Quartus_2\modelsim_ae\win32aloem;C:\Users\Aleks\Desktop\Проги;
USERNAME=Aleks
OS=Windows_NT
PROCESSOR_IDENTIFIER=Intel64 Family 6 Model 94 Stepping 3, GenuineIntel



---------------  S Y S T E M  ---------------

OS: Windows 8.1 , 64 bit Build 9600 (6.3.9600.17415)

CPU:total 4 (initial active 4) (4 cores per cpu, 1 threads per core) family 6 model 94 stepping 3, cmov, cx8, fxsr, mmx, sse, sse2, sse3, ssse3, sse4.1, sse4.2, popcnt, avx, avx2, aes, clmul, erms, rtm, 3dnowpref, lzcnt, tsc, tscinvbit, bmi1, bmi2, adx

Memory: 4k page, physical 7425392k(2660020k free), swap 10571120k(5220k free)

vm_info: Java HotSpot(TM) 64-Bit Server VM (25.144-b01) for windows-amd64 JRE (1.8.0_144-b01), built on Jul 21 2017 21:57:33 by "java_re" with MS VC++ 10.0 (VS2010)

time: Mon Oct 15 18:29:47 2018
elapsed time: 0 seconds (0d 0h 0m 0s)

